<?xml version="1.0" encoding="UTF-8"?>
<!-- Generated by org.testng.reporters.JUnitReportReporter -->
<testsuite hostname="sun" failures="0" tests="1" name="CucumberFrameWork.AppTest" time="0.006" errors="0" timestamp="14 Jul 2020 11:02:02 GMT">
  <testcase classname="CucumberFrameWork.AppTest" name="shouldAnswerWithTrue" time="0.006"/>
</testsuite> <!-- CucumberFrameWork.AppTest -->
